22:52:46:307 [ALWAYS]	GUDE Logging Started
22:52:46:307 [INFO]	SqliteResumeCache::SqliteResumeCache basedirectory is null/empty
22:52:46:307 [ERROR]	SqliteResumeCache::CreateSqliteResumeCache creating resume cache pointer failure
22:52:46:307 [ERROR]	Initialize resume cache pointer failure
22:52:46:307 [INFO]	gude policy POLICY_USER limit (2,2,1) chunk 2097152, chunking (UL 0 DL 1), resXfer 1, adapt 0, NSURL 0, timeout 86400 
22:52:46:307 [INFO]	Initialized -- gude-lib version: v0.12.1 app: gude
22:52:47:680 [WARN]	Ignoring attempt to reinit logging to \gude at level 4 retaining 3 days of logs
22:52:47:681 [INFO]	SqliteResumeCache::SqliteResumeCache basedirectory is null/empty
22:52:47:681 [ERROR]	SqliteResumeCache::CreateSqliteResumeCache creating resume cache pointer failure
22:52:47:681 [ERROR]	Initialize resume cache pointer failure
22:52:47:681 [INFO]	gude policy POLICY_USER limit (4,4,1) chunk 2097152, chunking (UL 0 DL 1), resXfer 1, adapt 0, NSURL 1, timeout 86400 
22:52:47:681 [INFO]	Initialized -- gude-lib version: v0.12.1 app: gude
22:53:43:553 [ALWAYS]	GUDE Logging Started
22:53:43:553 [INFO]	SqliteResumeCache::SqliteResumeCache basedirectory is null/empty
22:53:43:553 [ERROR]	SqliteResumeCache::CreateSqliteResumeCache creating resume cache pointer failure
22:53:43:553 [ERROR]	Initialize resume cache pointer failure
22:53:43:553 [INFO]	gude policy POLICY_USER limit (2,2,1) chunk 2097152, chunking (UL 0 DL 1), resXfer 1, adapt 0, NSURL 0, timeout 86400 
22:53:43:553 [INFO]	Initialized -- gude-lib version: v0.12.1 app: gude
22:53:44:358 [WARN]	Ignoring attempt to reinit logging to \gude at level 4 retaining 3 days of logs
22:53:44:358 [INFO]	SqliteResumeCache::SqliteResumeCache basedirectory is null/empty
22:53:44:358 [ERROR]	SqliteResumeCache::CreateSqliteResumeCache creating resume cache pointer failure
22:53:44:358 [ERROR]	Initialize resume cache pointer failure
22:53:44:358 [INFO]	gude policy POLICY_USER limit (4,4,1) chunk 2097152, chunking (UL 0 DL 1), resXfer 1, adapt 0, NSURL 1, timeout 86400 
22:53:44:358 [INFO]	Initialized -- gude-lib version: v0.12.1 app: gude
